||||||||||||||||||||||||||||||||||||
....................................
....................................
....................................
........................O...........
......................O.O...........
............OO......OO............OO
...........O...O....OO............OO
OO........O.....O...OO..............
OO........O...O.OO....O.O...........
..........O.....O.......O...........
...........O...O....................
............OO......................
....................................
....................................
....................................
||||||||||||||||||||||||||||||||||||
||||||||||||||||||||||||||||||||||||
....................................
....................................
....................................
.......................O............
.....................O.O............
............O.......O.O...........OO
...........OO......O..O...........OO
OO........OO....OO..O.O.............
OO.......OOO....OO...O.O............
..........OO....OO.....O............
...........OO.......................
............O.......................
....................................
....................................
....................................
||||||||||||||||||||||||||||||||||||
||||||||||||||||||||||||||||||||||||
....................................
....................................
....................................
......................O.............
.....................O.O............
...........OO.......O.OO..........OO
..........O.O......OO.OO..........OO
OO.......O......OOO.O.OO............
OO.......O..O..O..O..O.O............
.........O......OO....O.............
..........O.O.......................
...........OO.......................
....................................
....................................
....................................
||||||||||||||||||||||||||||||||||||
||||||||||||||||||||||||||||||||||||
....................................
....................................
....................................
......................O.............
.....................O.O............
...........OO......OO...O.........OO
..........O.O....OO.O...O.........OO
OO.......OOO....OOO.O...O...........
OO......OOO....O..OO.O.O............
.........OOO....OO....O.............
..........O.O.......................
...........OO.......................
....................................
....................................
....................................
||||||||||||||||||||||||||||||||||||
||||||||||||||||||||||||||||||||||||
....................................
....................................
....................................
......................O.............
....................OOOO............
...........OO.....OOOO.OO.........OO
.........O..O...O...OO.OOO........OO
OO......O.......O...OO.OO...........
OO......O......O...OOOOO............
........O.......OOO...O.............
.........O..O.......................
...........OO.......................
....................................
....................................
....................................
||||||||||||||||||||||||||||||||||||
||||||||||||||||||||||||||||||||||||
....................................
....................................
....................................
......................OO............
........................O...........
...........OO............O........OO
...........OO....O.......O........OO
OO......OO.....OO........O..........
OO.....OOO.....O..OO....O...........
........OO......OOOOO.OO............
...........OO....O..................
...........OO.......................
....................................
....................................
....................................
||||||||||||||||||||||||||||||||||||
||||||||||||||||||||||||||||||||||||
....................................
....................................
....................................
.......................O............
.......................OO...........
...........OO...........OO........OO
..........OOO...O.......OOO.......OO
OO.....O.OO....OOOO.....OO..........
OO.....O..O....O....O..OO...........
.......O.OO.....O...O..O............
..........OOO...OO.O................
...........OO.......................
....................................
....................................
....................................
||||||||||||||||||||||||||||||||||||
