||||||||||||||||||||||||
........................
........................
....OO............OO....
.....O............O.....
.....O.O........O.O.....
......OO........OO......
..........OOOO..........
..........OOOO..........
..........OOOO..........
......OO........OO......
.....O.O........O.O.....
.....O............O.....
....OO............OO....
........................
........................
||||||||||||||||||||||||
||||||||||||||||||||||||
........................
........................
....OO............OO....
.....O............O.....
.....O.O........O.O.....
......OO...OO...OO......
..........O..O..........
.........O....O.........
..........O..O..........
......OO...OO...OO......
.....O.O........O.O.....
.....O............O.....
....OO............OO....
........................
........................
||||||||||||||||||||||||
||||||||||||||||||||||||
........................
........................
....OO............OO....
.....O............O.....
.....O.O........O.O.....
......OO...OO...OO......
..........OOOO..........
.........OO..OO.........
..........OOOO..........
......OO...OO...OO......
.....O.O........O.O.....
.....O............O.....
....OO............OO....
........................
........................
||||||||||||||||||||||||
||||||||||||||||||||||||
........................
........................
....OO............OO....
.....O............O.....
.....O.O........O.O.....
......OO..O..O..OO......
.........O....O.........
.........O....O.........
.........O....O.........
......OO..O..O..OO......
.....O.O........O.O.....
.....O............O.....
....OO............OO....
........................
........................
||||||||||||||||||||||||
||||||||||||||||||||||||
........................
........................
....OO............OO....
.....O............O.....
.....O.O........O.O.....
......OOO......OOO......
........OOO..OOO........
........OOO..OOO........
........OOO..OOO........
......OOO......OOO......
.....O.O........O.O.....
.....O............O.....
....OO............OO....
........................
........................
||||||||||||||||||||||||
||||||||||||||||||||||||
........................
........................
....OO............OO....
.....O............O.....
.....O.OO......OO.O.....
......O..........O......
..........O..O..........
.......O...OO...O.......
..........O..O..........
......O..........O......
.....O.OO......OO.O.....
.....O............O.....
....OO............OO....
........................
........................
||||||||||||||||||||||||
||||||||||||||||||||||||
........................
........................
....OO............OO....
.....O............O.....
.....O.O........O.O.....
......OO........OO......
...........OO...........
..........OOOO..........
...........OO...........
......OO........OO......
.....O.O........O.O.....
.....O............O.....
....OO............OO....
........................
........................
||||||||||||||||||||||||
||||||||||||||||||||||||
........................
........................
....OO............OO....
.....O............O.....
.....O.O........O.O.....
......OO........OO......
..........O..O..........
..........O..O..........
..........O..O..........
......OO........OO......
.....O.O........O.O.....
.....O............O.....
....OO............OO....
........................
........................
||||||||||||||||||||||||
||||||||||||||||||||||||
........................
........................
....OO............OO....
.....O............O.....
.....O.O........O.O.....
......OO........OO......
........................
.........OOOOOO.........
........................
......OO........OO......
.....O.O........O.O.....
.....O............O.....
....OO............OO....
........................
........................
||||||||||||||||||||||||
